[[36mbaxter_core_msgs[0m] [1m[34m==>[0m '[1m/home/chris/jade/rethink_ws/build/baxter_core_msgs/build_env.sh /usr/bin/cmake /home/chris/jade/rethink_ws/src/baxter_common/baxter_core_msgs -DCATKIN_DEVEL_PREFIX=/home/chris/jade/rethink_ws/devel -DCMAKE_INSTALL_PREFIX=/home/chris/jade/rethink_ws/install[0m' [30m[1min[0m '[1m/home/chris/jade/rethink_ws/build/baxter_core_msgs[0m'[0m
[36m-- [0mThe C compiler identification is GNU 4.8.2
[0m[36m-- [0mThe CXX compiler identification is GNU 4.8.2
[0m[36m-- [0mCheck for working C compiler:[33m /usr/bin/cc
[0m[0m[36m-- [0mCheck for working C compiler:[33m /usr/bin/cc -- works
[0m[0m[36m-- [0mDetecting C compiler ABI info
[0m[36m-- [0mDetecting C compiler ABI info - done
[0m[36m-- [0mCheck for working CXX compiler:[33m /usr/bin/c++
[0m[0m[36m-- [0mCheck for working CXX compiler:[33m /usr/bin/c++ -- works
[0m[0m[36m-- [0mDetecting CXX compiler ABI info
[0m[36m-- [0mDetecting CXX compiler ABI info - done
[0m[36m-- [0mUsing CATKIN_DEVEL_PREFIX:[33m /home/chris/jade/rethink_ws/devel
[0m[0m[36m-- [0mUsing CMAKE_PREFIX_PATH:[33m /opt/ros/jade
[0m[0m[36m-- [0mThis workspace overlays:[33m /opt/ros/jade
[0m[0m[36m-- [0mFound PythonInterp:[33m /usr/bin/python (found version "2.7.6") 
[0m[0m[36m-- [0mUsing PYTHON_EXECUTABLE:[33m /usr/bin/python
[0m[0m[36m-- [0mUsing Debian Python package layout
[0m[36m-- [0mUsing empy:[33m /usr/bin/empy
[0m[0m[36m-- [0mUsing CATKIN_ENABLE_TESTING:[33m ON
[0m[0m[36m-- [0mCall enable_testing()
[0m[36m-- [0mUsing CATKIN_TEST_RESULTS_DIR:[33m /home/chris/jade/rethink_ws/build/baxter_core_msgs/test_results
[0m[0m[36m-- [0mLooking for include file pthread.h
[0m[36m-- [0mLooking for include file pthread.h - found
[0m[36m-- [0mLooking for pthread_create
[0m[36m-- [0mLooking for pthread_create - not found
[0m[36m-- [0mLooking for pthread_create in pthreads
[0m[36m-- [0mLooking for pthread_create in pthreads - not found
[0m[36m-- [0mLooking for pthread_create in pthread
[0m[36m-- [0mLooking for pthread_create in pthread - found
[0m[36m-- [0mFound Threads:[33m TRUE  
[0m[0m[36m-- [0mFound gtest sources under '/usr/src/gtest':[33m gtests will be built
[0m[0m[36m-- [0mUsing Python nosetests:[33m /usr/bin/nosetests-2.7
[0m[0m[36m-- [0mcatkin 0.6.14
[0m[36m-- [0mUsing these message generators:[33m gencpp;geneus;genlisp;genpy
[0m[0m[36m-- [0mbaxter_core_msgs:[33m 26 messages, 4 services
[0m[0m[36m-- [0mConfiguring done
[0m[36m-- [0mGenerating done
[0m[36m-- [0mBuild files have been written to:[33m /home/chris/jade/rethink_ws/build/baxter_core_msgs
[0m[0m[[36mbaxter_core_msgs[0m] [32m<==[0m '[1m/home/chris/jade/rethink_ws/build/baxter_core_msgs/build_env.sh /usr/bin/cmake /home/chris/jade/rethink_ws/src/baxter_common/baxter_core_msgs -DCATKIN_DEVEL_PREFIX=/home/chris/jade/rethink_ws/devel -DCMAKE_INSTALL_PREFIX=/home/chris/jade/rethink_ws/install[0m' finished with return code '[1m0[0m'[0m
[[36mbaxter_core_msgs[0m] [1m[34m==>[0m '[1m/home/chris/jade/rethink_ws/build/baxter_core_msgs/build_env.sh /usr/bin/make --jobserver-fds=3,4 -j[0m' [30m[1min[0m '[1m/home/chris/jade/rethink_ws/build/baxter_core_msgs[0m'[0m
[35m[1mScanning dependencies of target _baxter_core_msgs_generate_messages_check_deps_NavigatorState
[0m[  0%] Built target _baxter_core_msgs_generate_messages_check_deps_NavigatorState
[35m[1mScanning dependencies of target sensor_msgs_generate_messages_py
[0m[  0%] Built target sensor_msgs_generate_messages_py
[35m[1mScanning dependencies of target std_msgs_generate_messages_py
[0m[  0%] Built target std_msgs_generate_messages_py
[35m[1mScanning dependencies of target geometry_msgs_generate_messages_py
[0m[  0%] Built target geometry_msgs_generate_messages_py
[35m[1mScanning dependencies of target _baxter_core_msgs_generate_messages_check_deps_EndEffectorCommand
[0m[  0%] Built target _baxter_core_msgs_generate_messages_check_deps_EndEffectorCommand
[35m[1mScanning dependencies of target _baxter_core_msgs_generate_messages_check_deps_CollisionDetectionState
[0m[  0%] Built target _baxter_core_msgs_generate_messages_check_deps_CollisionDetectionState
[35m[1mScanning dependencies of target _baxter_core_msgs_generate_messages_check_deps_EndpointState
[0m[  0%] Built target _baxter_core_msgs_generate_messages_check_deps_EndpointState
[35m[1mScanning dependencies of target _baxter_core_msgs_generate_messages_check_deps_AnalogIOState
[0m[  0%] Built target _baxter_core_msgs_generate_messages_check_deps_AnalogIOState
[35m[1mScanning dependencies of target _baxter_core_msgs_generate_messages_check_deps_SolvePositionIK
[0m[  0%] Built target _baxter_core_msgs_generate_messages_check_deps_SolvePositionIK
[35m[1mScanning dependencies of target _baxter_core_msgs_generate_messages_check_deps_DigitalIOState
[0m[  0%] Built target _baxter_core_msgs_generate_messages_check_deps_DigitalIOState
[35m[1mScanning dependencies of target _baxter_core_msgs_generate_messages_check_deps_CameraSettings
[0m[  0%] Built target _baxter_core_msgs_generate_messages_check_deps_CameraSettings
[35m[1mScanning dependencies of target _baxter_core_msgs_generate_messages_check_deps_RobustControllerStatus
[0m[  0%] Built target _baxter_core_msgs_generate_messages_check_deps_RobustControllerStatus
[35m[1mScanning dependencies of target _baxter_core_msgs_generate_messages_check_deps_ITBStates
[0m[  0%] Built target _baxter_core_msgs_generate_messages_check_deps_ITBStates
[35m[1mScanning dependencies of target _baxter_core_msgs_generate_messages_check_deps_EndEffectorState
[0m[  0%] Built target _baxter_core_msgs_generate_messages_check_deps_EndEffectorState
[35m[1mScanning dependencies of target _baxter_core_msgs_generate_messages_check_deps_EndEffectorProperties
[0m[  0%] Built target _baxter_core_msgs_generate_messages_check_deps_EndEffectorProperties
[35m[1mScanning dependencies of target _baxter_core_msgs_generate_messages_check_deps_AnalogOutputCommand
[0m[  0%] Built target _baxter_core_msgs_generate_messages_check_deps_AnalogOutputCommand
[35m[1mScanning dependencies of target _baxter_core_msgs_generate_messages_check_deps_NavigatorStates
[0m[  0%] Built target _baxter_core_msgs_generate_messages_check_deps_NavigatorStates
[35m[1mScanning dependencies of target _baxter_core_msgs_generate_messages_check_deps_AssemblyState
[0m[  0%] Built target _baxter_core_msgs_generate_messages_check_deps_AssemblyState
[35m[1mScanning dependencies of target _baxter_core_msgs_generate_messages_check_deps_CameraControl
[0m[  0%] Built target _baxter_core_msgs_generate_messages_check_deps_CameraControl
[35m[1mScanning dependencies of target _baxter_core_msgs_generate_messages_check_deps_OpenCamera
[0m[  0%] Built target _baxter_core_msgs_generate_messages_check_deps_OpenCamera
[35m[1mScanning dependencies of target _baxter_core_msgs_generate_messages_check_deps_DigitalOutputCommand
[0m[  0%] Built target _baxter_core_msgs_generate_messages_check_deps_DigitalOutputCommand
[35m[1mScanning dependencies of target _baxter_core_msgs_generate_messages_check_deps_AnalogIOStates
[0m[  0%] Built target _baxter_core_msgs_generate_messages_check_deps_AnalogIOStates
[35m[1mScanning dependencies of target _baxter_core_msgs_generate_messages_check_deps_HeadPanCommand
[0m[  0%] Built target _baxter_core_msgs_generate_messages_check_deps_HeadPanCommand
[35m[1mScanning dependencies of target _baxter_core_msgs_generate_messages_check_deps_DigitalIOStates
[0m[  0%] Built target _baxter_core_msgs_generate_messages_check_deps_DigitalIOStates
[35m[1mScanning dependencies of target _baxter_core_msgs_generate_messages_check_deps_ListCameras
[0m[  0%] Built target _baxter_core_msgs_generate_messages_check_deps_ListCameras
[35m[1mScanning dependencies of target _baxter_core_msgs_generate_messages_check_deps_SEAJointState
[0m[  0%] Built target _baxter_core_msgs_generate_messages_check_deps_SEAJointState
[35m[1mScanning dependencies of target _baxter_core_msgs_generate_messages_check_deps_HeadState
[0m[  0%] Built target _baxter_core_msgs_generate_messages_check_deps_HeadState
[35m[1mScanning dependencies of target _baxter_core_msgs_generate_messages_check_deps_JointCommand
[0m[  0%] Built target _baxter_core_msgs_generate_messages_check_deps_JointCommand
[35m[1mScanning dependencies of target _baxter_core_msgs_generate_messages_check_deps_ITBState
[0m[  0%] Built target _baxter_core_msgs_generate_messages_check_deps_ITBState
[35m[1mScanning dependencies of target _baxter_core_msgs_generate_messages_check_deps_AssemblyStates
[0m[  0%] Built target _baxter_core_msgs_generate_messages_check_deps_AssemblyStates
[35m[1mScanning dependencies of target _baxter_core_msgs_generate_messages_check_deps_CollisionAvoidanceState
[0m[  0%] Built target _baxter_core_msgs_generate_messages_check_deps_CollisionAvoidanceState
[35m[1mScanning dependencies of target _baxter_core_msgs_generate_messages_check_deps_EndpointStates
[0m[  0%] Built target _baxter_core_msgs_generate_messages_check_deps_EndpointStates
[35m[1mScanning dependencies of target _baxter_core_msgs_generate_messages_check_deps_CloseCamera
[0m[  0%] Built target _baxter_core_msgs_generate_messages_check_deps_CloseCamera
[35m[1mScanning dependencies of target geometry_msgs_generate_messages_cpp
[0m[  0%] Built target geometry_msgs_generate_messages_cpp
[35m[1mScanning dependencies of target std_msgs_generate_messages_cpp
[0m[  0%] Built target std_msgs_generate_messages_cpp
[35m[1mScanning dependencies of target sensor_msgs_generate_messages_cpp
[0m[  0%] Built target sensor_msgs_generate_messages_cpp
[35m[1mScanning dependencies of target sensor_msgs_generate_messages_eus
[0m[  0%] Built target sensor_msgs_generate_messages_eus
[35m[1mScanning dependencies of target std_msgs_generate_messages_eus
[0m[  0%] Built target std_msgs_generate_messages_eus
[35m[1mScanning dependencies of target geometry_msgs_generate_messages_eus
[0m[  0%] Built target geometry_msgs_generate_messages_eus
[35m[1mScanning dependencies of target std_msgs_generate_messages_lisp
[0m[  0%] Built target std_msgs_generate_messages_lisp
[35m[1mScanning dependencies of target sensor_msgs_generate_messages_lisp
[0m[  0%] Built target sensor_msgs_generate_messages_lisp
[35m[1mScanning dependencies of target geometry_msgs_generate_messages_lisp
[0m[  0%] Built target geometry_msgs_generate_messages_lisp
[35m[1mScanning dependencies of target baxter_core_msgs_generate_messages_py
[0m[  1%] [34m[1mGenerating Python from MSG baxter_core_msgs/EndEffectorCommand
[0m[  2%] [34m[1mGenerating Python from MSG baxter_core_msgs/ITBStates
[0m[  3%] [34m[1mGenerating Python from MSG baxter_core_msgs/EndpointState
[0m[  4%] [34m[1mGenerating Python from MSG baxter_core_msgs/CollisionDetectionState
[0m[  4%] [34m[1mGenerating Python from MSG baxter_core_msgs/EndEffectorProperties
[0m[  5%] [34m[1mGenerating Python from MSG baxter_core_msgs/EndEffectorState
[0m[  6%] [34m[1mGenerating Python from MSG baxter_core_msgs/AnalogIOState
[0m[  7%] [34m[1mGenerating Python from MSG baxter_core_msgs/AnalogOutputCommand
[0m[  8%] [34m[1mGenerating Python from MSG baxter_core_msgs/DigitalIOState
[0m[  8%] [34m[1mGenerating Python from MSG baxter_core_msgs/HeadPanCommand
[0m[  9%] [34m[1mGenerating Python from MSG baxter_core_msgs/RobustControllerStatus
[0m[ 10%] [34m[1mGenerating Python from MSG baxter_core_msgs/NavigatorStates
[0m[ 11%] [34m[1mGenerating Python from MSG baxter_core_msgs/AssemblyState
[0m[ 12%] [34m[1mGenerating Python from MSG baxter_core_msgs/CameraControl
[0m[ 12%] [34m[1mGenerating Python from MSG baxter_core_msgs/DigitalOutputCommand
[0m[ 13%] [34m[1mGenerating Python from MSG baxter_core_msgs/AnalogIOStates
[0m[ 14%] [34m[1mGenerating Python from MSG baxter_core_msgs/CameraSettings
[0m[ 15%] [34m[1mGenerating Python from MSG baxter_core_msgs/DigitalIOStates
[0m[ 16%] [34m[1mGenerating Python from MSG baxter_core_msgs/SEAJointState
[0m[ 16%] [34m[1mGenerating Python from MSG baxter_core_msgs/HeadState
[0m[ 17%] [34m[1mGenerating Python from MSG baxter_core_msgs/JointCommand
[0m[ 18%] [34m[1mGenerating Python from MSG baxter_core_msgs/ITBState
[0m[ 19%] [34m[1mGenerating Python from MSG baxter_core_msgs/AssemblyStates
[0m[ 20%] [34m[1mGenerating Python from MSG baxter_core_msgs/CollisionAvoidanceState
[0m[ 20%] [34m[1mGenerating Python from MSG baxter_core_msgs/EndpointStates
[0m[ 21%] [34m[1mGenerating Python from MSG baxter_core_msgs/NavigatorState
[0m[ 22%] [34m[1mGenerating Python code from SRV baxter_core_msgs/OpenCamera
[0m[ 23%] [34m[1mGenerating Python code from SRV baxter_core_msgs/CloseCamera
[0m[ 24%] [34m[1mGenerating Python code from SRV baxter_core_msgs/SolvePositionIK
[0m[ 24%] [34m[1mGenerating Python code from SRV baxter_core_msgs/ListCameras
[0m[ 25%] [34m[1mGenerating Python msg __init__.py for baxter_core_msgs
[0m[ 26%] [34m[1mGenerating Python srv __init__.py for baxter_core_msgs
[0m[ 26%] Built target baxter_core_msgs_generate_messages_py
[35m[1mScanning dependencies of target baxter_core_msgs_generate_messages_cpp
[0m[ 26%] [34m[1mGenerating C++ code from baxter_core_msgs/EndEffectorCommand.msg
[0m[ 27%] [34m[1mGenerating C++ code from baxter_core_msgs/ITBStates.msg
[0m[ 28%] [34m[1mGenerating C++ code from baxter_core_msgs/EndpointState.msg
[0m[ 29%] [34m[1mGenerating C++ code from baxter_core_msgs/CollisionDetectionState.msg
[0m[ 30%] [34m[1mGenerating C++ code from baxter_core_msgs/EndEffectorProperties.msg
[0m[ 30%] [34m[1mGenerating C++ code from baxter_core_msgs/EndEffectorState.msg
[0m[ 31%] [34m[1mGenerating C++ code from baxter_core_msgs/AnalogIOState.msg
[0m[ 32%] [34m[1mGenerating C++ code from baxter_core_msgs/AnalogOutputCommand.msg
[0m[ 33%] [34m[1mGenerating C++ code from baxter_core_msgs/DigitalIOState.msg
[0m[ 34%] [34m[1mGenerating C++ code from baxter_core_msgs/HeadPanCommand.msg
[0m[ 34%] [34m[1mGenerating C++ code from baxter_core_msgs/RobustControllerStatus.msg
[0m[ 35%] [34m[1mGenerating C++ code from baxter_core_msgs/NavigatorStates.msg
[0m[ 36%] [34m[1mGenerating C++ code from baxter_core_msgs/AssemblyState.msg
[0m[ 37%] [34m[1mGenerating C++ code from baxter_core_msgs/CameraControl.msg
[0m[ 38%] [34m[1mGenerating C++ code from baxter_core_msgs/DigitalOutputCommand.msg
[0m[ 38%] [34m[1mGenerating C++ code from baxter_core_msgs/AnalogIOStates.msg
[0m[ 39%] [34m[1mGenerating C++ code from baxter_core_msgs/CameraSettings.msg
[0m[ 40%] [34m[1mGenerating C++ code from baxter_core_msgs/DigitalIOStates.msg
[0m[ 41%] [34m[1mGenerating C++ code from baxter_core_msgs/SEAJointState.msg
[0m[ 42%] [34m[1mGenerating C++ code from baxter_core_msgs/HeadState.msg
[0m[ 42%] [34m[1mGenerating C++ code from baxter_core_msgs/JointCommand.msg
[0m[ 43%] [34m[1mGenerating C++ code from baxter_core_msgs/ITBState.msg
[0m[ 44%] [34m[1mGenerating C++ code from baxter_core_msgs/AssemblyStates.msg
[0m[ 45%] [34m[1mGenerating C++ code from baxter_core_msgs/CollisionAvoidanceState.msg
[0m[ 46%] [34m[1mGenerating C++ code from baxter_core_msgs/EndpointStates.msg
[0m[ 46%] [34m[1mGenerating C++ code from baxter_core_msgs/NavigatorState.msg
[0m[ 47%] [34m[1mGenerating C++ code from baxter_core_msgs/OpenCamera.srv
[0m[ 48%] [34m[1mGenerating C++ code from baxter_core_msgs/CloseCamera.srv
[0m[ 50%] [34m[1mGenerating C++ code from baxter_core_msgs/SolvePositionIK.srv
[0m[ 51%] [34m[1mGenerating C++ code from baxter_core_msgs/ListCameras.srv
[0m[35m[1mScanning dependencies of target baxter_core_msgs_generate_messages_eus
[0m[ 51%] [34m[1mGenerating EusLisp code from baxter_core_msgs/EndEffectorCommand.msg
[0m[ 51%] Built target baxter_core_msgs_generate_messages_cpp
[35m[1mScanning dependencies of target baxter_core_msgs_generate_messages_lisp
[0m[ 52%] [34m[1mGenerating Lisp code from baxter_core_msgs/EndEffectorCommand.msg
[0m[ 53%] [34m[1mGenerating EusLisp code from baxter_core_msgs/ITBStates.msg
[0m[ 54%] [34m[1mGenerating Lisp code from baxter_core_msgs/ITBStates.msg
[0m[ 55%] [34m[1mGenerating EusLisp code from baxter_core_msgs/EndpointState.msg
[0m[ 56%] [34m[1mGenerating Lisp code from baxter_core_msgs/EndpointState.msg
[0m[ 57%] [34m[1mGenerating EusLisp code from baxter_core_msgs/CollisionDetectionState.msg
[0m[ 58%] [34m[1mGenerating Lisp code from baxter_core_msgs/CollisionDetectionState.msg
[0m[ 59%] [34m[1mGenerating EusLisp code from baxter_core_msgs/EndEffectorProperties.msg
[0m[ 59%] [34m[1mGenerating Lisp code from baxter_core_msgs/EndEffectorProperties.msg
[0m[ 59%] [34m[1mGenerating EusLisp code from baxter_core_msgs/EndEffectorState.msg
[0m[ 60%] [34m[1mGenerating Lisp code from baxter_core_msgs/EndEffectorState.msg
[0m[ 61%] [34m[1mGenerating EusLisp code from baxter_core_msgs/AnalogIOState.msg
[0m[ 62%] [34m[1mGenerating Lisp code from baxter_core_msgs/AnalogIOState.msg
[0m[ 63%] [34m[1mGenerating EusLisp code from baxter_core_msgs/AnalogOutputCommand.msg
[0m[ 64%] [34m[1mGenerating Lisp code from baxter_core_msgs/AnalogOutputCommand.msg
[0m[ 65%] [ 66%] [34m[1mGenerating EusLisp code from baxter_core_msgs/DigitalIOState.msg
[0m[34m[1mGenerating Lisp code from baxter_core_msgs/DigitalIOState.msg
[0m[ 67%] [34m[1mGenerating EusLisp code from baxter_core_msgs/HeadPanCommand.msg
[0m[ 67%] [34m[1mGenerating Lisp code from baxter_core_msgs/HeadPanCommand.msg
[0m[ 67%] [ 68%] [34m[1mGenerating EusLisp code from baxter_core_msgs/RobustControllerStatus.msg
[0m[34m[1mGenerating Lisp code from baxter_core_msgs/RobustControllerStatus.msg
[0m[ 70%] [ 70%] [34m[1mGenerating EusLisp code from baxter_core_msgs/NavigatorStates.msg
[0m[34m[1mGenerating Lisp code from baxter_core_msgs/NavigatorStates.msg
[0m[ 71%] [ 72%] [34m[1mGenerating EusLisp code from baxter_core_msgs/AssemblyState.msg
[0m[34m[1mGenerating Lisp code from baxter_core_msgs/AssemblyState.msg
[0m[ 73%] [ 74%] [34m[1mGenerating EusLisp code from baxter_core_msgs/CameraControl.msg
[34m[1mGenerating Lisp code from baxter_core_msgs/CameraControl.msg
[0m[0m[ 74%] [ 75%] [34m[1mGenerating Lisp code from baxter_core_msgs/DigitalOutputCommand.msg
[34m[1mGenerating EusLisp code from baxter_core_msgs/DigitalOutputCommand.msg
[0m[0m[ 76%] [34m[1mGenerating Lisp code from baxter_core_msgs/AnalogIOStates.msg
[0m[ 76%] [34m[1mGenerating EusLisp code from baxter_core_msgs/AnalogIOStates.msg
[0m[ 77%] [34m[1mGenerating Lisp code from baxter_core_msgs/CameraSettings.msg
[0m[ 78%] [34m[1mGenerating EusLisp code from baxter_core_msgs/CameraSettings.msg
[0m[ 79%] [34m[1mGenerating Lisp code from baxter_core_msgs/DigitalIOStates.msg
[0m[ 80%] [34m[1mGenerating EusLisp code from baxter_core_msgs/DigitalIOStates.msg
[0m[ 81%] [34m[1mGenerating Lisp code from baxter_core_msgs/SEAJointState.msg
[0m[ 82%] [34m[1mGenerating EusLisp code from baxter_core_msgs/SEAJointState.msg
[0m[ 82%] [34m[1mGenerating Lisp code from baxter_core_msgs/HeadState.msg
[0m[ 83%] [34m[1mGenerating EusLisp code from baxter_core_msgs/HeadState.msg
[0m[ 84%] [34m[1mGenerating Lisp code from baxter_core_msgs/JointCommand.msg
[0m[ 84%] [34m[1mGenerating EusLisp code from baxter_core_msgs/JointCommand.msg
[0m[ 85%] [34m[1mGenerating Lisp code from baxter_core_msgs/ITBState.msg
[0m[ 86%] [34m[1mGenerating EusLisp code from baxter_core_msgs/ITBState.msg
[0m[ 87%] [34m[1mGenerating Lisp code from baxter_core_msgs/AssemblyStates.msg
[0m[ 88%] [34m[1mGenerating EusLisp code from baxter_core_msgs/AssemblyStates.msg
[0m[ 89%] [34m[1mGenerating Lisp code from baxter_core_msgs/CollisionAvoidanceState.msg
[0m[ 90%] [34m[1mGenerating EusLisp code from baxter_core_msgs/CollisionAvoidanceState.msg
[0m[ 90%] [34m[1mGenerating Lisp code from baxter_core_msgs/EndpointStates.msg
[0m[ 91%] [34m[1mGenerating EusLisp code from baxter_core_msgs/EndpointStates.msg
[0m[ 92%] [34m[1mGenerating Lisp code from baxter_core_msgs/NavigatorState.msg
[0m[ 92%] [34m[1mGenerating EusLisp code from baxter_core_msgs/NavigatorState.msg
[0m[ 93%] [34m[1mGenerating Lisp code from baxter_core_msgs/OpenCamera.srv
[0m[ 94%] [34m[1mGenerating EusLisp code from baxter_core_msgs/OpenCamera.srv
[0m[ 95%] [34m[1mGenerating Lisp code from baxter_core_msgs/CloseCamera.srv
[0m[ 96%] [34m[1mGenerating EusLisp code from baxter_core_msgs/CloseCamera.srv
[0m[ 97%] [34m[1mGenerating Lisp code from baxter_core_msgs/SolvePositionIK.srv
[0m[ 98%] [34m[1mGenerating EusLisp code from baxter_core_msgs/SolvePositionIK.srv
[0m[ 98%] [34m[1mGenerating Lisp code from baxter_core_msgs/ListCameras.srv
[0m[100%] [34m[1mGenerating EusLisp code from baxter_core_msgs/ListCameras.srv
[0m[100%] Built target baxter_core_msgs_generate_messages_lisp
[100%] [34m[1mGenerating EusLisp manifest code for baxter_core_msgs
[0m[100%] Built target baxter_core_msgs_generate_messages_eus
[35m[1mScanning dependencies of target baxter_core_msgs_generate_messages
[0m[100%] Built target baxter_core_msgs_generate_messages
[[36mbaxter_core_msgs[0m] [32m<==[0m '[1m/home/chris/jade/rethink_ws/build/baxter_core_msgs/build_env.sh /usr/bin/make --jobserver-fds=3,4 -j[0m' finished with return code '[1m0[0m'[0m
