[[36mbaxter_maintenance_msgs[0m] [1m[34m==>[0m '[1m/home/chris/jade/rethink_ws/build/baxter_maintenance_msgs/build_env.sh /usr/bin/cmake /home/chris/jade/rethink_ws/src/baxter_common/baxter_maintenance_msgs -DCATKIN_DEVEL_PREFIX=/home/chris/jade/rethink_ws/devel -DCMAKE_INSTALL_PREFIX=/home/chris/jade/rethink_ws/install[0m' [30m[1min[0m '[1m/home/chris/jade/rethink_ws/build/baxter_maintenance_msgs[0m'[0m
[36m-- [0mThe C compiler identification is GNU 4.8.2
[0m[36m-- [0mThe CXX compiler identification is GNU 4.8.2
[0m[36m-- [0mCheck for working C compiler:[33m /usr/bin/cc
[0m[0m[36m-- [0mCheck for working C compiler:[33m /usr/bin/cc -- works
[0m[0m[36m-- [0mDetecting C compiler ABI info
[0m[36m-- [0mDetecting C compiler ABI info - done
[0m[36m-- [0mCheck for working CXX compiler:[33m /usr/bin/c++
[0m[0m[36m-- [0mCheck for working CXX compiler:[33m /usr/bin/c++ -- works
[0m[0m[36m-- [0mDetecting CXX compiler ABI info
[0m[36m-- [0mDetecting CXX compiler ABI info - done
[0m[36m-- [0mUsing CATKIN_DEVEL_PREFIX:[33m /home/chris/jade/rethink_ws/devel
[0m[0m[36m-- [0mUsing CMAKE_PREFIX_PATH:[33m /opt/ros/jade
[0m[0m[36m-- [0mThis workspace overlays:[33m /opt/ros/jade
[0m[0m[36m-- [0mFound PythonInterp:[33m /usr/bin/python (found version "2.7.6") 
[0m[0m[36m-- [0mUsing PYTHON_EXECUTABLE:[33m /usr/bin/python
[0m[0m[36m-- [0mUsing Debian Python package layout
[0m[36m-- [0mUsing empy:[33m /usr/bin/empy
[0m[0m[36m-- [0mUsing CATKIN_ENABLE_TESTING:[33m ON
[0m[0m[36m-- [0mCall enable_testing()
[0m[36m-- [0mUsing CATKIN_TEST_RESULTS_DIR:[33m /home/chris/jade/rethink_ws/build/baxter_maintenance_msgs/test_results
[0m[0m[36m-- [0mLooking for include file pthread.h
[0m[36m-- [0mLooking for include file pthread.h - found
[0m[36m-- [0mLooking for pthread_create
[0m[36m-- [0mLooking for pthread_create - not found
[0m[36m-- [0mLooking for pthread_create in pthreads
[0m[36m-- [0mLooking for pthread_create in pthreads - not found
[0m[36m-- [0mLooking for pthread_create in pthread
[0m[36m-- [0mLooking for pthread_create in pthread - found
[0m[36m-- [0mFound Threads:[33m TRUE  
[0m[0m[36m-- [0mFound gtest sources under '/usr/src/gtest':[33m gtests will be built
[0m[0m[36m-- [0mUsing Python nosetests:[33m /usr/bin/nosetests-2.7
[0m[0m[36m-- [0mcatkin 0.6.14
[0m[36m-- [0mUsing these message generators:[33m gencpp;geneus;genlisp;genpy
[0m[0m[36m-- [0mbaxter_maintenance_msgs:[33m 7 messages, 0 services
[0m[0m[36m-- [0mConfiguring done
[0m[36m-- [0mGenerating done
[0m[36m-- [0mBuild files have been written to:[33m /home/chris/jade/rethink_ws/build/baxter_maintenance_msgs
[0m[0m[[36mbaxter_maintenance_msgs[0m] [32m<==[0m '[1m/home/chris/jade/rethink_ws/build/baxter_maintenance_msgs/build_env.sh /usr/bin/cmake /home/chris/jade/rethink_ws/src/baxter_common/baxter_maintenance_msgs -DCATKIN_DEVEL_PREFIX=/home/chris/jade/rethink_ws/devel -DCMAKE_INSTALL_PREFIX=/home/chris/jade/rethink_ws/install[0m' finished with return code '[1m0[0m'[0m
[[36mbaxter_maintenance_msgs[0m] [1m[34m==>[0m '[1m/home/chris/jade/rethink_ws/build/baxter_maintenance_msgs/build_env.sh /usr/bin/make --jobserver-fds=3,4 -j[0m' [30m[1min[0m '[1m/home/chris/jade/rethink_ws/build/baxter_maintenance_msgs[0m'[0m
[35m[1mScanning dependencies of target _baxter_maintenance_msgs_generate_messages_check_deps_UpdateStatus
[0m[  0%] Built target _baxter_maintenance_msgs_generate_messages_check_deps_UpdateStatus
[35m[1mScanning dependencies of target _baxter_maintenance_msgs_generate_messages_check_deps_CalibrateArmEnable
[0m[  0%] Built target _baxter_maintenance_msgs_generate_messages_check_deps_CalibrateArmEnable
[35m[1mScanning dependencies of target _baxter_maintenance_msgs_generate_messages_check_deps_UpdateSource
[0m[  0%] Built target _baxter_maintenance_msgs_generate_messages_check_deps_UpdateSource
[35m[1mScanning dependencies of target _baxter_maintenance_msgs_generate_messages_check_deps_UpdateSources
[0m[  0%] Built target _baxter_maintenance_msgs_generate_messages_check_deps_UpdateSources
[35m[1mScanning dependencies of target _baxter_maintenance_msgs_generate_messages_check_deps_CalibrateArmData
[0m[  0%] Built target _baxter_maintenance_msgs_generate_messages_check_deps_CalibrateArmData
[35m[1mScanning dependencies of target _baxter_maintenance_msgs_generate_messages_check_deps_TareEnable
[0m[  0%] Built target _baxter_maintenance_msgs_generate_messages_check_deps_TareEnable
[35m[1mScanning dependencies of target std_msgs_generate_messages_lisp
[0m[  0%] Built target std_msgs_generate_messages_lisp
[35m[1mScanning dependencies of target _baxter_maintenance_msgs_generate_messages_check_deps_TareData
[0m[  0%] Built target _baxter_maintenance_msgs_generate_messages_check_deps_TareData
[35m[1mScanning dependencies of target std_msgs_generate_messages_eus
[0m[  0%] Built target std_msgs_generate_messages_eus
[35m[1mScanning dependencies of target std_msgs_generate_messages_py
[0m[  0%] Built target std_msgs_generate_messages_py
[35m[1mScanning dependencies of target std_msgs_generate_messages_cpp
[0m[  0%] Built target std_msgs_generate_messages_cpp
[35m[1mScanning dependencies of target baxter_maintenance_msgs_generate_messages_lisp
[0m[  3%] [34m[1mGenerating Lisp code from baxter_maintenance_msgs/UpdateSource.msg
[0m[  6%] [34m[1mGenerating Lisp code from baxter_maintenance_msgs/CalibrateArmEnable.msg
[0m[ 10%] [34m[1mGenerating Lisp code from baxter_maintenance_msgs/UpdateStatus.msg
[0m[ 13%] [34m[1mGenerating Lisp code from baxter_maintenance_msgs/TareData.msg
[0m[ 16%] [34m[1mGenerating Lisp code from baxter_maintenance_msgs/TareEnable.msg
[0m[ 20%] [34m[1mGenerating Lisp code from baxter_maintenance_msgs/CalibrateArmData.msg
[0m[ 23%] [34m[1mGenerating Lisp code from baxter_maintenance_msgs/UpdateSources.msg
[0m[ 23%] Built target baxter_maintenance_msgs_generate_messages_lisp
[35m[1mScanning dependencies of target baxter_maintenance_msgs_generate_messages_eus
[0m[ 26%] [34m[1mGenerating EusLisp code from baxter_maintenance_msgs/UpdateSource.msg
[0m[ 30%] [34m[1mGenerating EusLisp code from baxter_maintenance_msgs/CalibrateArmEnable.msg
[0m[ 33%] [34m[1mGenerating EusLisp code from baxter_maintenance_msgs/UpdateStatus.msg
[0m[ 36%] [34m[1mGenerating EusLisp code from baxter_maintenance_msgs/TareData.msg
[0m[ 40%] [34m[1mGenerating EusLisp code from baxter_maintenance_msgs/TareEnable.msg
[0m[ 43%] [34m[1mGenerating EusLisp code from baxter_maintenance_msgs/CalibrateArmData.msg
[0m[ 46%] [34m[1mGenerating EusLisp code from baxter_maintenance_msgs/UpdateSources.msg
[0m[ 50%] [34m[1mGenerating EusLisp manifest code for baxter_maintenance_msgs
[0m[ 50%] Built target baxter_maintenance_msgs_generate_messages_eus
[35m[1mScanning dependencies of target baxter_maintenance_msgs_generate_messages_py
[0m[ 53%] [34m[1mGenerating Python from MSG baxter_maintenance_msgs/UpdateSource
[0m[ 56%] [34m[1mGenerating Python from MSG baxter_maintenance_msgs/CalibrateArmEnable
[0m[ 60%] [34m[1mGenerating Python from MSG baxter_maintenance_msgs/UpdateStatus
[0m[ 63%] [34m[1mGenerating Python from MSG baxter_maintenance_msgs/TareData
[0m[ 66%] [34m[1mGenerating Python from MSG baxter_maintenance_msgs/TareEnable
[0m[ 70%] [34m[1mGenerating Python from MSG baxter_maintenance_msgs/CalibrateArmData
[0m[ 73%] [34m[1mGenerating Python from MSG baxter_maintenance_msgs/UpdateSources
[0m[ 76%] [34m[1mGenerating Python msg __init__.py for baxter_maintenance_msgs
[0m[ 76%] Built target baxter_maintenance_msgs_generate_messages_py
[35m[1mScanning dependencies of target baxter_maintenance_msgs_generate_messages_cpp
[0m[ 80%] [34m[1mGenerating C++ code from baxter_maintenance_msgs/UpdateSource.msg
[0m[ 83%] [34m[1mGenerating C++ code from baxter_maintenance_msgs/CalibrateArmEnable.msg
[0m[ 86%] [34m[1mGenerating C++ code from baxter_maintenance_msgs/UpdateStatus.msg
[0m[ 90%] [34m[1mGenerating C++ code from baxter_maintenance_msgs/TareData.msg
[0m[ 93%] [34m[1mGenerating C++ code from baxter_maintenance_msgs/TareEnable.msg
[0m[ 96%] [34m[1mGenerating C++ code from baxter_maintenance_msgs/CalibrateArmData.msg
[0m[100%] [34m[1mGenerating C++ code from baxter_maintenance_msgs/UpdateSources.msg
[0m[100%] Built target baxter_maintenance_msgs_generate_messages_cpp
[35m[1mScanning dependencies of target baxter_maintenance_msgs_generate_messages
[0m[100%] Built target baxter_maintenance_msgs_generate_messages
[[36mbaxter_maintenance_msgs[0m] [32m<==[0m '[1m/home/chris/jade/rethink_ws/build/baxter_maintenance_msgs/build_env.sh /usr/bin/make --jobserver-fds=3,4 -j[0m' finished with return code '[1m0[0m'[0m
